  ApplyForRecruitment.cpp
C:\Users\Asus X510u\SEteam2\SE_2\SE3\RecruitmentSystemVSversion\RecruitmentSystem\ApplyForRecruitment.cpp(1,1): warning C4819: The file contains a character that cannot be represented in the current code page (949). Save the file in Unicode format to prevent data loss
C:\Users\Asus X510u\SEteam2\SE_2\SE3\RecruitmentSystemVSversion\RecruitmentSystem\ApplyForRecruitment.h(1,1): warning C4819: The file contains a character that cannot be represented in the current code page (949). Save the file in Unicode format to prevent data loss
C:\Users\Asus X510u\SEteam2\SE_2\SE3\RecruitmentSystemVSversion\RecruitmentSystem\ApplyForRecruitmentUI.h(1,1): warning C4819: The file contains a character that cannot be represented in the current code page (949). Save the file in Unicode format to prevent data loss
C:\Users\Asus X510u\SEteam2\SE_2\SE3\RecruitmentSystemVSversion\RecruitmentSystem\ApplyForRecruitment.h(1,1): warning C4819: The file contains a character that cannot be represented in the current code page (949). Save the file in Unicode format to prevent data loss
C:\Users\Asus X510u\SEteam2\SE_2\SE3\RecruitmentSystemVSversion\RecruitmentSystem\Recruitment.h(1,1): warning C4819: The file contains a character that cannot be represented in the current code page (949). Save the file in Unicode format to prevent data loss
C:\Users\Asus X510u\SEteam2\SE_2\SE3\RecruitmentSystemVSversion\RecruitmentSystem\CompanyUser.h(1,1): warning C4819: The file contains a character that cannot be represented in the current code page (949). Save the file in Unicode format to prevent data loss
C:\Users\Asus X510u\SEteam2\SE_2\SE3\RecruitmentSystemVSversion\RecruitmentSystem\User.h(1,1): warning C4819: The file contains a character that cannot be represented in the current code page (949). Save the file in Unicode format to prevent data loss
C:\Users\Asus X510u\SEteam2\SE_2\SE3\RecruitmentSystemVSversion\RecruitmentSystem\Recruitment.h(1,1): warning C4819: The file contains a character that cannot be represented in the current code page (949). Save the file in Unicode format to prevent data loss
C:\Users\Asus X510u\SEteam2\SE_2\SE3\RecruitmentSystemVSversion\RecruitmentSystem\UserList.h(1,1): warning C4819: The file contains a character that cannot be represented in the current code page (949). Save the file in Unicode format to prevent data loss
C:\Users\Asus X510u\SEteam2\SE_2\SE3\RecruitmentSystemVSversion\RecruitmentSystem\GeneralUser.h(1,1): warning C4819: The file contains a character that cannot be represented in the current code page (949). Save the file in Unicode format to prevent data loss
  Recruitment.cpp
C:\Users\Asus X510u\SEteam2\SE_2\SE3\RecruitmentSystemVSversion\RecruitmentSystem\Recruitment.cpp(1,1): warning C4819: The file contains a character that cannot be represented in the current code page (949). Save the file in Unicode format to prevent data loss
C:\Users\Asus X510u\SEteam2\SE_2\SE3\RecruitmentSystemVSversion\RecruitmentSystem\Recruitment.h(1,1): warning C4819: The file contains a character that cannot be represented in the current code page (949). Save the file in Unicode format to prevent data loss
C:\Users\Asus X510u\SEteam2\SE_2\SE3\RecruitmentSystemVSversion\RecruitmentSystem\CompanyUser.h(1,1): warning C4819: The file contains a character that cannot be represented in the current code page (949). Save the file in Unicode format to prevent data loss
C:\Users\Asus X510u\SEteam2\SE_2\SE3\RecruitmentSystemVSversion\RecruitmentSystem\User.h(1,1): warning C4819: The file contains a character that cannot be represented in the current code page (949). Save the file in Unicode format to prevent data loss
C:\Users\Asus X510u\SEteam2\SE_2\SE3\RecruitmentSystemVSversion\RecruitmentSystem\Recruitment.h(1,1): warning C4819: The file contains a character that cannot be represented in the current code page (949). Save the file in Unicode format to prevent data loss
  SearchRecruitmentsUI.cpp
C:\Users\Asus X510u\SEteam2\SE_2\SE3\RecruitmentSystemVSversion\RecruitmentSystem\SearchRecruitmentsUI.cpp(1,1): warning C4819: The file contains a character that cannot be represented in the current code page (949). Save the file in Unicode format to prevent data loss
C:\Users\Asus X510u\SEteam2\SE_2\SE3\RecruitmentSystemVSversion\RecruitmentSystem\SearchRecruitmentsUI.h(1,1): warning C4819: The file contains a character that cannot be represented in the current code page (949). Save the file in Unicode format to prevent data loss
C:\Users\Asus X510u\SEteam2\SE_2\SE3\RecruitmentSystemVSversion\RecruitmentSystem\SearchRecruitmentsUI.h(1,1): warning C4819: The file contains a character that cannot be represented in the current code page (949). Save the file in Unicode format to prevent data loss
C:\Users\Asus X510u\SEteam2\SE_2\SE3\RecruitmentSystemVSversion\RecruitmentSystem\Recruitment.h(1,1): warning C4819: The file contains a character that cannot be represented in the current code page (949). Save the file in Unicode format to prevent data loss
C:\Users\Asus X510u\SEteam2\SE_2\SE3\RecruitmentSystemVSversion\RecruitmentSystem\CompanyUser.h(1,1): warning C4819: The file contains a character that cannot be represented in the current code page (949). Save the file in Unicode format to prevent data loss
C:\Users\Asus X510u\SEteam2\SE_2\SE3\RecruitmentSystemVSversion\RecruitmentSystem\User.h(1,1): warning C4819: The file contains a character that cannot be represented in the current code page (949). Save the file in Unicode format to prevent data loss
C:\Users\Asus X510u\SEteam2\SE_2\SE3\RecruitmentSystemVSversion\RecruitmentSystem\Recruitment.h(1,1): warning C4819: The file contains a character that cannot be represented in the current code page (949). Save the file in Unicode format to prevent data loss
  WithdrawalUI.cpp
C:\Users\Asus X510u\SEteam2\SE_2\SE3\RecruitmentSystemVSversion\RecruitmentSystem\WithdrawalUI.cpp(1,1): warning C4819: The file contains a character that cannot be represented in the current code page (949). Save the file in Unicode format to prevent data loss
C:\Users\Asus X510u\SEteam2\SE_2\SE3\RecruitmentSystemVSversion\RecruitmentSystem\WithdrawalUI.h(1,1): warning C4819: The file contains a character that cannot be represented in the current code page (949). Save the file in Unicode format to prevent data loss
C:\Users\Asus X510u\SEteam2\SE_2\SE3\RecruitmentSystemVSversion\RecruitmentSystem\Withdrawal.h(1,1): warning C4819: The file contains a character that cannot be represented in the current code page (949). Save the file in Unicode format to prevent data loss
C:\Users\Asus X510u\SEteam2\SE_2\SE3\RecruitmentSystemVSversion\RecruitmentSystem\WithdrawalUI.h(1,1): warning C4819: The file contains a character that cannot be represented in the current code page (949). Save the file in Unicode format to prevent data loss
  Generating Code...
  LINK : C:\Users\Asus X510u\SEteam2\SE_2\SE3\RecruitmentSystemVSversion\x64\Debug\RecruitmentSystem.exe not found or not built by the last incremental link; performing full link
  RecruitmentSystem.vcxproj -> C:\Users\Asus X510u\SEteam2\SE_2\SE3\RecruitmentSystemVSversion\x64\Debug\RecruitmentSystem.exe
